Arguments: 
  /usr/local/bin/node /usr/local/bin/yarn add --peer @angular/Http

PATH: 
  /Library/Frameworks/Python.framework/Versions/3.4/bin:/opt/local/bin:/opt/local/sbin:/usr/local/bin:/usr/local/bin:/usr/bin:/Applications/MAMP/Library/bin:/Applications/MAMP/bin/php5.5.14/bin:/Users/Bersling/.rvm/gems/ruby-1.9.3-p547/bin:/Users/Bersling/.rvm/gems/ruby-1.9.3-p547@global/bin:/Users/Bersling/.rvm/rubies/ruby-1.9.3-p547/bin:/usr/local/bin:/usr/local/sbin:~/bin:/usr/local/bin:/usr/bin:/bin:/usr/sbin:/sbin:/opt/X11/bin:/opt/ImageMagick/bin:/Library/TeX/texbin:/Users/Bersling/.rvm/bin:/Users/Bersling/Desktop/ScalaPlay/activator-1.2.12-minimal:/Applications/writer2latex15

Yarn version: 
  0.24.5

Node version: 
  6.11.0

Platform: 
  darwin x64

npm manifest: 
  {
    "name": "@tsmean/user-angular",
    "version": "1.0.0",
    "description": "User module for the tsmean starter kit",
    "main": "index.js",
    "scripts": {
      "test": "npm test"
    },
    "author": "bersling@gmail.com",
    "license": "MIT",
    "peerDependencies": {
      "@angular/common": "^4.2.5",
      "@angular/core": "^4.2.5",
      "@angular/forms": "^4.2.5",
      "@angular/material": "^2.0.0-beta.7",
      "notify-angular": "^2.0.1",
      "rxjs": "^5.4.1",
      "zone.js": "^0.8.12"
    },
    "dependencies": {
      "@tsmean/cookies": "^1.0.0",
      "@tsmean/utils": "^1.1.1"
    }
  }

yarn manifest: 
  No manifest

Lockfile: 
  # THIS IS AN AUTOGENERATED FILE. DO NOT EDIT THIS FILE DIRECTLY.
  # yarn lockfile v1
  
  
  "@angular/forms@^4.2.5":
    version "4.2.5"
    resolved "https://registry.yarnpkg.com/@angular/forms/-/forms-4.2.5.tgz#a7e55c8d1f5a4e8537efe1edd7834e4a1f59c6e4"
    dependencies:
      tslib "^1.7.1"
  
  "@tsmean/cookies@^1.0.0":
    version "1.0.0"
    resolved "https://registry.yarnpkg.com/@tsmean/cookies/-/cookies-1.0.0.tgz#1386a143e82b8db52d45e383e4c0f2fbd2d74670"
  
  "@tsmean/utils@^1.1.1":
    version "1.1.1"
    resolved "https://registry.yarnpkg.com/@tsmean/utils/-/utils-1.1.1.tgz#8ebb47d493ee583ab68c13139d0648db855d6976"
  
  tslib@^1.7.1:
    version "1.7.1"
    resolved "https://registry.yarnpkg.com/tslib/-/tslib-1.7.1.tgz#bc8004164691923a79fe8378bbeb3da2017538ec"

Trace: 
  Error: https://registry.yarnpkg.com/@angular%2fHttp: Not found
      at Request.params.callback [as _callback] (/usr/local/lib/node_modules/yarn/lib/util/request-manager.js:326:18)
      at Request.self.callback (/usr/local/lib/node_modules/yarn/node_modules/request/request.js:188:22)
      at emitTwo (events.js:106:13)
      at Request.emit (events.js:191:7)
      at Request.<anonymous> (/usr/local/lib/node_modules/yarn/node_modules/request/request.js:1171:10)
      at emitOne (events.js:96:13)
      at Request.emit (events.js:188:7)
      at IncomingMessage.<anonymous> (/usr/local/lib/node_modules/yarn/node_modules/request/request.js:1091:12)
      at IncomingMessage.g (events.js:292:16)
      at emitNone (events.js:91:20)
